<?xml version="1.0" encoding="UTF-8"?>
<!-- Generated by org.testng.reporters.JUnitXMLReporter -->
<testsuite ignored="0" hostname="DESKTOP-J7DE9N2" failures="1" tests="5" name="ecommerce Test" time="85.15" errors="0" timestamp="2021-10-14T18:52:00 BST">
  <testcase classname="com.login.testCases.TC_LoginFailTest" name="loginFailTest" time="1.725"/>
  <testcase classname="com.login.testCases.TC_LoginPassTest" name="loginPassTest" time="3.927"/>
  <testcase classname="com.login.testCases.TC_HomePageTest" name="HomePageTest" time="7.001">
    <failure type="java.lang.AssertionError" message="expected [true] but found [false]">
      <![CDATA[java.lang.AssertionError: expected [true] but found [false]
at com.login.testCases.TC_HomePageTest.HomePageTest(TC_HomePageTest.java:73)
at java.base/java.util.ArrayList.forEach(ArrayList.java:1511)
... Removed 31 stack frames]]>
    </failure>
  </testcase> <!-- HomePageTest -->
  <testcase classname="com.login.testCases.TC_BasketPageTest" name="BasketPageTest" time="7.098"/>
  <testcase classname="com.login.testCases.TC_RemoveItemTest" name="RemoveItemTest" time="10.303"/>
</testsuite> <!-- ecommerce Test -->
