<?xml version="1.0" encoding="UTF-8"?>
<testng-results ignored="0" total="5" passed="4" failed="1" skipped="0">
  <reporter-output>
  </reporter-output>
  <suite started-at="2021-10-14T18:50:35 BST" name="LoginTest" finished-at="2021-10-14T18:52:00 BST" duration-ms="85150">
    <groups>
    </groups>
    <test started-at="2021-10-14T18:50:35 BST" name="ecommerce Test" finished-at="2021-10-14T18:52:00 BST" duration-ms="85150">
      <class name="com.login.testCases.TC_HomePageTest">
        <test-method is-config="true" signature="setup(java.lang.String)[pri:0, instance:com.login.testCases.TC_HomePageTest@1f0f1111]" started-at="2021-10-14T18:51:11 BST" name="setup" finished-at="2021-10-14T18:51:17 BST" duration-ms="6010" status="PASS">
          <params>
            <param index="0">
              <value>
                <![CDATA[chrome]]>
              </value>
            </param>
          </params>
          <reporter-output>
          </reporter-output>
        </test-method> <!-- setup -->
        <test-method signature="HomePageTest(java.lang.String, java.lang.String)[pri:0, instance:com.login.testCases.TC_HomePageTest@1f0f1111]" started-at="2021-10-14T18:51:17 BST" name="HomePageTest" data-provider="LoginData" finished-at="2021-10-14T18:51:24 BST" duration-ms="7001" status="FAIL">
          <params>
            <param index="0">
              <value>
                <![CDATA[standard_user]]>
              </value>
            </param>
            <param index="1">
              <value>
                <![CDATA[secret_sauce]]>
              </value>
            </param>
          </params>
          <exception class="java.lang.AssertionError">
            <message>
              <![CDATA[expected [true] but found [false]]]>
            </message>
            <full-stacktrace>
              <![CDATA[java.lang.AssertionError: expected [true] but found [false]
at org.testng.Assert.fail(Assert.java:97)
at org.testng.Assert.failNotEquals(Assert.java:969)
at org.testng.Assert.assertTrue(Assert.java:43)
at org.testng.Assert.assertTrue(Assert.java:53)
at com.login.testCases.TC_HomePageTest.HomePageTest(TC_HomePageTest.java:73)
at java.base/jdk.internal.reflect.NativeMethodAccessorImpl.invoke0(Native Method)
at java.base/jdk.internal.reflect.NativeMethodAccessorImpl.invoke(NativeMethodAccessorImpl.java:78)
at java.base/jdk.internal.reflect.DelegatingMethodAccessorImpl.invoke(DelegatingMethodAccessorImpl.java:43)
at java.base/java.lang.reflect.Method.invoke(Method.java:567)
at org.testng.internal.MethodInvocationHelper.invokeMethod(MethodInvocationHelper.java:134)
at org.testng.internal.TestInvoker.invokeMethod(TestInvoker.java:597)
at org.testng.internal.TestInvoker.invokeTestMethod(TestInvoker.java:173)
at org.testng.internal.MethodRunner.runInSequence(MethodRunner.java:46)
at org.testng.internal.TestInvoker$MethodInvocationAgent.invoke(TestInvoker.java:816)
at org.testng.internal.TestInvoker.invokeTestMethods(TestInvoker.java:146)
at org.testng.internal.TestMethodWorker.invokeTestMethods(TestMethodWorker.java:146)
at org.testng.internal.TestMethodWorker.run(TestMethodWorker.java:128)
at java.base/java.util.ArrayList.forEach(ArrayList.java:1511)
at org.testng.TestRunner.privateRun(TestRunner.java:766)
at org.testng.TestRunner.run(TestRunner.java:587)
at org.testng.SuiteRunner.runTest(SuiteRunner.java:384)
at org.testng.SuiteRunner.runSequentially(SuiteRunner.java:378)
at org.testng.SuiteRunner.privateRun(SuiteRunner.java:337)
at org.testng.SuiteRunner.run(SuiteRunner.java:286)
at org.testng.SuiteRunnerWorker.runSuite(SuiteRunnerWorker.java:53)
at org.testng.SuiteRunnerWorker.run(SuiteRunnerWorker.java:96)
at org.testng.TestNG.runSuitesSequentially(TestNG.java:1187)
at org.testng.TestNG.runSuitesLocally(TestNG.java:1109)
at org.testng.TestNG.runSuites(TestNG.java:1039)
at org.testng.TestNG.run(TestNG.java:1007)
at org.testng.remote.AbstractRemoteTestNG.run(AbstractRemoteTestNG.java:115)
at org.testng.remote.RemoteTestNG.initAndRun(RemoteTestNG.java:251)
at org.testng.remote.RemoteTestNG.main(RemoteTestNG.java:77)
]]>
            </full-stacktrace>
          </exception> <!-- java.lang.AssertionError -->
          <reporter-output>
          </reporter-output>
        </test-method> <!-- HomePageTest -->
        <test-method is-config="true" signature="teardown()[pri:0, instance:com.login.testCases.TC_HomePageTest@1f0f1111]" started-at="2021-10-14T18:51:24 BST" name="teardown" finished-at="2021-10-14T18:51:25 BST" duration-ms="1103" status="PASS">
          <reporter-output>
          </reporter-output>
        </test-method> <!-- teardown -->
      </class> <!-- com.login.testCases.TC_HomePageTest -->
      <class name="com.login.testCases.TC_LoginFailTest">
        <test-method is-config="true" signature="setup(java.lang.String)[pri:0, instance:com.login.testCases.TC_LoginFailTest@778d1062]" started-at="2021-10-14T18:50:35 BST" name="setup" finished-at="2021-10-14T18:50:49 BST" duration-ms="13875" status="PASS">
          <params>
            <param index="0">
              <value>
                <![CDATA[chrome]]>
              </value>
            </param>
          </params>
          <reporter-output>
          </reporter-output>
        </test-method> <!-- setup -->
        <test-method signature="loginFailTest(java.lang.String, java.lang.String)[pri:0, instance:com.login.testCases.TC_LoginFailTest@778d1062]" started-at="2021-10-14T18:50:57 BST" name="loginFailTest" data-provider="LoginFailData" finished-at="2021-10-14T18:50:58 BST" duration-ms="1725" status="PASS">
          <params>
            <param index="0">
              <value>
                <![CDATA[standard_user]]>
              </value>
            </param>
            <param index="1">
              <value>
                <![CDATA[xyz]]>
              </value>
            </param>
          </params>
          <reporter-output>
          </reporter-output>
        </test-method> <!-- loginFailTest -->
        <test-method is-config="true" signature="teardown()[pri:0, instance:com.login.testCases.TC_LoginFailTest@778d1062]" started-at="2021-10-14T18:50:58 BST" name="teardown" finished-at="2021-10-14T18:51:01 BST" duration-ms="2400" status="PASS">
          <reporter-output>
          </reporter-output>
        </test-method> <!-- teardown -->
      </class> <!-- com.login.testCases.TC_LoginFailTest -->
      <class name="com.login.testCases.TC_LoginPassTest">
        <test-method is-config="true" signature="setup(java.lang.String)[pri:0, instance:com.login.testCases.TC_LoginPassTest@670002]" started-at="2021-10-14T18:51:01 BST" name="setup" finished-at="2021-10-14T18:51:06 BST" duration-ms="5404" status="PASS">
          <params>
            <param index="0">
              <value>
                <![CDATA[chrome]]>
              </value>
            </param>
          </params>
          <reporter-output>
          </reporter-output>
        </test-method> <!-- setup -->
        <test-method signature="loginPassTest(java.lang.String, java.lang.String)[pri:0, instance:com.login.testCases.TC_LoginPassTest@670002]" started-at="2021-10-14T18:51:07 BST" name="loginPassTest" data-provider="LoginData" finished-at="2021-10-14T18:51:10 BST" duration-ms="3927" status="PASS">
          <params>
            <param index="0">
              <value>
                <![CDATA[standard_user]]>
              </value>
            </param>
            <param index="1">
              <value>
                <![CDATA[secret_sauce]]>
              </value>
            </param>
          </params>
          <reporter-output>
          </reporter-output>
        </test-method> <!-- loginPassTest -->
        <test-method is-config="true" signature="teardown()[pri:0, instance:com.login.testCases.TC_LoginPassTest@670002]" started-at="2021-10-14T18:51:10 BST" name="teardown" finished-at="2021-10-14T18:51:11 BST" duration-ms="597" status="PASS">
          <reporter-output>
          </reporter-output>
        </test-method> <!-- teardown -->
      </class> <!-- com.login.testCases.TC_LoginPassTest -->
      <class name="com.login.testCases.TC_BasketPageTest">
        <test-method is-config="true" signature="setup(java.lang.String)[pri:0, instance:com.login.testCases.TC_BasketPageTest@49c386c8]" started-at="2021-10-14T18:51:25 BST" name="setup" finished-at="2021-10-14T18:51:36 BST" duration-ms="10711" status="PASS">
          <params>
            <param index="0">
              <value>
                <![CDATA[chrome]]>
              </value>
            </param>
          </params>
          <reporter-output>
          </reporter-output>
        </test-method> <!-- setup -->
        <test-method signature="BasketPageTest(java.lang.String, java.lang.String)[pri:0, instance:com.login.testCases.TC_BasketPageTest@49c386c8]" started-at="2021-10-14T18:51:36 BST" name="BasketPageTest" data-provider="LoginData" finished-at="2021-10-14T18:51:43 BST" duration-ms="7098" status="PASS">
          <params>
            <param index="0">
              <value>
                <![CDATA[standard_user]]>
              </value>
            </param>
            <param index="1">
              <value>
                <![CDATA[secret_sauce]]>
              </value>
            </param>
          </params>
          <reporter-output>
          </reporter-output>
        </test-method> <!-- BasketPageTest -->
        <test-method is-config="true" signature="teardown()[pri:0, instance:com.login.testCases.TC_BasketPageTest@49c386c8]" started-at="2021-10-14T18:51:43 BST" name="teardown" finished-at="2021-10-14T18:51:44 BST" duration-ms="699" status="PASS">
          <reporter-output>
          </reporter-output>
        </test-method> <!-- teardown -->
      </class> <!-- com.login.testCases.TC_BasketPageTest -->
      <class name="com.login.testCases.TC_RemoveItemTest">
        <test-method is-config="true" signature="setup(java.lang.String)[pri:0, instance:com.login.testCases.TC_RemoveItemTest@56528192]" started-at="2021-10-14T18:51:44 BST" name="setup" finished-at="2021-10-14T18:51:49 BST" duration-ms="4831" status="PASS">
          <params>
            <param index="0">
              <value>
                <![CDATA[chrome]]>
              </value>
            </param>
          </params>
          <reporter-output>
          </reporter-output>
        </test-method> <!-- setup -->
        <test-method signature="RemoveItemTest(java.lang.String, java.lang.String)[pri:0, instance:com.login.testCases.TC_RemoveItemTest@56528192]" started-at="2021-10-14T18:51:49 BST" name="RemoveItemTest" data-provider="LoginData" finished-at="2021-10-14T18:51:59 BST" duration-ms="10303" status="PASS">
          <params>
            <param index="0">
              <value>
                <![CDATA[standard_user]]>
              </value>
            </param>
            <param index="1">
              <value>
                <![CDATA[secret_sauce]]>
              </value>
            </param>
          </params>
          <reporter-output>
          </reporter-output>
        </test-method> <!-- RemoveItemTest -->
        <test-method is-config="true" signature="teardown()[pri:0, instance:com.login.testCases.TC_RemoveItemTest@56528192]" started-at="2021-10-14T18:51:59 BST" name="teardown" finished-at="2021-10-14T18:52:00 BST" duration-ms="733" status="PASS">
          <reporter-output>
          </reporter-output>
        </test-method> <!-- teardown -->
      </class> <!-- com.login.testCases.TC_RemoveItemTest -->
    </test> <!-- ecommerce Test -->
  </suite> <!-- LoginTest -->
</testng-results>
